# JRE version: OpenJDK Runtime Environment (8.0_242-b01) (build 1.8.0_242-release-1644-b01)
# Java VM: OpenJDK 64-Bit Server VM (25.242-b01 mixed mode windows-amd64 compressed oops)
Heap:
 PSYoungGen      total 493056K, used 282536K [0x00000000d5580000, 0x00000000ff680000, 0x0000000100000000)
  eden space 461312K, 61% used [0x00000000d5580000,0x00000000e696a3d0,0x00000000f1800000)
  from space 31744K, 0% used [0x00000000f4c00000,0x00000000f4c00000,0x00000000f6b00000)
  to   space 53248K, 0% used [0x00000000f1800000,0x00000000f1800000,0x00000000f4c00000)
 ParOldGen       total 242688K, used 103985K [0x0000000080000000, 0x000000008ed00000, 0x00000000d5580000)
  object space 242688K, 42% used [0x0000000080000000,0x000000008658c700,0x000000008ed00000)
 Metaspace       used 99587K, capacity 104140K, committed 105624K, reserved 1140736K
  class space    used 13323K, capacity 14187K, committed 14512K, reserved 1048576K
GC Heap History (10 events):
Event: 56.170 GC heap before
{Heap before GC invocations=12 (full 3):
 PSYoungGen      total 342528K, used 16480K [0x00000000d5580000, 0x00000000f0e80000, 0x0000000100000000)
  eden space 317952K, 0% used [0x00000000d5580000,0x00000000d5580000,0x00000000e8c00000)
  from space 24576K, 67% used [0x00000000e8c00000,0x00000000e9c181e0,0x00000000ea400000)
  to   space 25600K, 0% used [0x00000000ef580000,0x00000000ef580000,0x00000000f0e80000)
 ParOldGen       total 90112K, used 30771K [0x0000000080000000, 0x0000000085800000, 0x00000000d5580000)
  object space 90112K, 34% used [0x0000000080000000,0x0000000081e0cd80,0x0000000085800000)
 Metaspace       used 56979K, capacity 59100K, committed 59160K, reserved 1099776K
  class space    used 7712K, capacity 8189K, committed 8240K, reserved 1048576K
Event: 56.379 GC heap after
Heap after GC invocations=12 (full 3):
 PSYoungGen      total 342528K, used 0K [0x00000000d5580000, 0x00000000f0e80000, 0x0000000100000000)
  eden space 317952K, 0% used [0x00000000d5580000,0x00000000d5580000,0x00000000e8c00000)
  from space 24576K, 0% used [0x00000000e8c00000,0x00000000e8c00000,0x00000000ea400000)
  to   space 25600K, 0% used [0x00000000ef580000,0x00000000ef580000,0x00000000f0e80000)
 ParOldGen       total 130560K, used 29271K [0x0000000080000000, 0x0000000087f80000, 0x00000000d5580000)
  object space 130560K, 22% used [0x0000000080000000,0x0000000081c95fa0,0x0000000087f80000)
 Metaspace       used 56948K, capacity 58992K, committed 59160K, reserved 1099776K
  class space    used 7702K, capacity 8171K, committed 8240K, reserved 1048576K
}
Event: 111.506 GC heap before
{Heap before GC invocations=13 (full 3):
 PSYoungGen      total 342528K, used 317952K [0x00000000d5580000, 0x00000000f0e80000, 0x0000000100000000)
  eden space 317952K, 100% used [0x00000000d5580000,0x00000000e8c00000,0x00000000e8c00000)
  from space 24576K, 0% used [0x00000000e8c00000,0x00000000e8c00000,0x00000000ea400000)
  to   space 25600K, 0% used [0x00000000ef580000,0x00000000ef580000,0x00000000f0e80000)
 ParOldGen       total 130560K, used 29271K [0x0000000080000000, 0x0000000087f80000, 0x00000000d5580000)
  object space 130560K, 22% used [0x0000000080000000,0x0000000081c95fa0,0x0000000087f80000)
 Metaspace       used 68537K, capacity 71980K, committed 72088K, reserved 1112064K
  class space    used 9373K, capacity 10071K, committed 10160K, reserved 1048576K
Event: 111.582 GC heap after
Heap after GC invocations=13 (full 3):
 PSYoungGen      total 419840K, used 19152K [0x00000000d5580000, 0x00000000f0d00000, 0x0000000100000000)
  eden space 395776K, 0% used [0x00000000d5580000,0x00000000d5580000,0x00000000ed800000)
  from space 24064K, 79% used [0x00000000ef580000,0x00000000f08341b8,0x00000000f0d00000)
  to   space 27136K, 0% used [0x00000000ed800000,0x00000000ed800000,0x00000000ef280000)
 ParOldGen       total 130560K, used 29279K [0x0000000080000000, 0x0000000087f80000, 0x00000000d5580000)
  object space 130560K, 22% used [0x0000000080000000,0x0000000081c97fa0,0x0000000087f80000)
 Metaspace       used 68537K, capacity 71980K, committed 72088K, reserved 1112064K
  class space    used 9373K, capacity 10071K, committed 10160K, reserved 1048576K
}
Event: 186.170 GC heap before
{Heap before GC invocations=14 (full 3):
 PSYoungGen      total 419840K, used 414928K [0x00000000d5580000, 0x00000000f0d00000, 0x0000000100000000)
  eden space 395776K, 100% used [0x00000000d5580000,0x00000000ed800000,0x00000000ed800000)
  from space 24064K, 79% used [0x00000000ef580000,0x00000000f08341b8,0x00000000f0d00000)
  to   space 27136K, 0% used [0x00000000ed800000,0x00000000ed800000,0x00000000ef280000)
 ParOldGen       total 130560K, used 29279K [0x0000000080000000, 0x0000000087f80000, 0x00000000d5580000)
  object space 130560K, 22% used [0x0000000080000000,0x0000000081c97fa0,0x0000000087f80000)
 Metaspace       used 77985K, capacity 81604K, committed 81688K, reserved 1120256K
  class space    used 10548K, capacity 11265K, committed 11312K, reserved 1048576K
Event: 186.306 GC heap after
Heap after GC invocations=14 (full 3):
 PSYoungGen      total 422912K, used 27134K [0x00000000d5580000, 0x00000000f6b00000, 0x0000000100000000)
  eden space 395776K, 0% used [0x00000000d5580000,0x00000000d5580000,0x00000000ed800000)
  from space 27136K, 99% used [0x00000000ed800000,0x00000000ef27fa30,0x00000000ef280000)
  to   space 31744K, 0% used [0x00000000f4c00000,0x00000000f4c00000,0x00000000f6b00000)
 ParOldGen       total 130560K, used 30879K [0x0000000080000000, 0x0000000087f80000, 0x00000000d5580000)
  object space 130560K, 23% used [0x0000000080000000,0x0000000081e27ff0,0x0000000087f80000)
 Metaspace       used 77985K, capacity 81604K, committed 81688K, reserved 1120256K
  class space    used 10548K, capacity 11265K, committed 11312K, reserved 1048576K
}
Event: 202.325 GC heap before
{Heap before GC invocations=15 (full 3):
 PSYoungGen      total 422912K, used 405393K [0x00000000d5580000, 0x00000000f6b00000, 0x0000000100000000)
  eden space 395776K, 95% used [0x00000000d5580000,0x00000000ec6e4ba8,0x00000000ed800000)
  from space 27136K, 99% used [0x00000000ed800000,0x00000000ef27fa30,0x00000000ef280000)
  to   space 31744K, 0% used [0x00000000f4c00000,0x00000000f4c00000,0x00000000f6b00000)
 ParOldGen       total 130560K, used 30879K [0x0000000080000000, 0x0000000087f80000, 0x00000000d5580000)
  object space 130560K, 23% used [0x0000000080000000,0x0000000081e27ff0,0x0000000087f80000)
 Metaspace       used 93056K, capacity 98528K, committed 98600K, reserved 1134592K
  class space    used 12754K, capacity 13723K, committed 13744K, reserved 1048576K
Event: 203.936 GC heap after
Heap after GC invocations=15 (full 3):
 PSYoungGen      total 493056K, used 31722K [0x00000000d5580000, 0x00000000ff680000, 0x0000000100000000)
  eden space 461312K, 0% used [0x00000000d5580000,0x00000000d5580000,0x00000000f1800000)
  from space 31744K, 99% used [0x00000000f4c00000,0x00000000f6afab20,0x00000000f6b00000)
  to   space 53248K, 0% used [0x00000000f1800000,0x00000000f1800000,0x00000000f4c00000)
 ParOldGen       total 130560K, used 76393K [0x0000000080000000, 0x0000000087f80000, 0x00000000d5580000)
  object space 130560K, 58% used [0x0000000080000000,0x0000000084a9a6a8,0x0000000087f80000)
 Metaspace       used 93056K, capacity 98528K, committed 98600K, reserved 1134592K
  class space    used 12754K, capacity 13723K, committed 13744K, reserved 1048576K
}
Event: 203.936 GC heap before
{Heap before GC invocations=16 (full 4):
 PSYoungGen      total 493056K, used 31722K [0x00000000d5580000, 0x00000000ff680000, 0x0000000100000000)
  eden space 461312K, 0% used [0x00000000d5580000,0x00000000d5580000,0x00000000f1800000)
  from space 31744K, 99% used [0x00000000f4c00000,0x00000000f6afab20,0x00000000f6b00000)
  to   space 53248K, 0% used [0x00000000f1800000,0x00000000f1800000,0x00000000f4c00000)
 ParOldGen       total 130560K, used 76393K [0x0000000080000000, 0x0000000087f80000, 0x00000000d5580000)
  object space 130560K, 58% used [0x0000000080000000,0x0000000084a9a6a8,0x0000000087f80000)
 Metaspace       used 93056K, capacity 98528K, committed 98600K, reserved 1134592K
  class space    used 12754K, capacity 13723K, committed 13744K, reserved 1048576K
Event: 212.914 GC heap after
Heap after GC invocations=16 (full 4):
 PSYoungGen      total 493056K, used 0K [0x00000000d5580000, 0x00000000ff680000, 0x0000000100000000)
  eden space 461312K, 0% used [0x00000000d5580000,0x00000000d5580000,0x00000000f1800000)
  from space 31744K, 0% used [0x00000000f4c00000,0x00000000f4c00000,0x00000000f6b00000)
  to   space 53248K, 0% used [0x00000000f1800000,0x00000000f1800000,0x00000000f4c00000)
 ParOldGen       total 242688K, used 103985K [0x0000000080000000, 0x000000008ed00000, 0x00000000d5580000)
  object space 242688K, 42% used [0x0000000080000000,0x000000008658c700,0x000000008ed00000)
 Metaspace       used 92097K, capacity 95864K, committed 98600K, reserved 1134592K
  class space    used 12436K, capacity 13163K, committed 13744K, reserved 1048576K
}

